<?xml version="1.0" encoding="UTF-8"?>
<!-- Generated by org.testng.reporters.JUnitReportReporter -->
<testsuite hostname="Yadav" failures="0" tests="1" name="testCases.TC004_SearchPageTest" time="7.013" errors="0" timestamp="2024-12-21T11:46:05 IST" skipped="0">
  <testcase classname="testCases.TC004_SearchPageTest" name="verify_SearchPage" time="7.013"/>
</testsuite> <!-- testCases.TC004_SearchPageTest -->
