<?xml version="1.0" encoding="UTF-8"?>
<!-- Generated by org.testng.reporters.JUnitReportReporter -->
<testsuite hostname="Yadav" failures="0" tests="1" name="testCases.TC002_LoginPageTest" time="1.840" errors="0" timestamp="2024-12-21T11:28:38 IST" skipped="0">
  <testcase classname="testCases.TC002_LoginPageTest" name="verifyLogin" time="1.840"/>
</testsuite> <!-- testCases.TC002_LoginPageTest -->
