<?xml version="1.0" encoding="UTF-8"?>
<!-- Generated by org.testng.reporters.JUnitReportReporter -->
<testsuite hostname="Yadav" failures="0" tests="1" name="testCases.TC_001AccountRegistrationTest" time="4.550" errors="0" timestamp="2024-12-19T15:25:34 IST" skipped="0">
  <testcase classname="testCases.TC_001AccountRegistrationTest" name="verify_accountRegistration" time="4.550"/>
</testsuite> <!-- testCases.TC_001AccountRegistrationTest -->
