<?xml version="1.0" encoding="UTF-8"?>
<!-- Generated by org.testng.reporters.JUnitReportReporter -->
<testsuite hostname="Yadav" failures="0" tests="1" name="testCases.TC_001AccountRegistrationTest" time="2.434" errors="0" timestamp="2024-11-01T10:00:17 IST" skipped="0">
  <testcase classname="testCases.TC_001AccountRegistrationTest" name="verify_accountRegistration" time="2.434"/>
</testsuite> <!-- testCases.TC_001AccountRegistrationTest -->
